0 info it worked if it ends with ok
1 verbose cli [ '/usr/local/bin/node', '/usr/local/bin/npm', 'publish' ]
2 info using npm@3.3.12
3 info using node@v5.5.0
4 verbose publish [ '.' ]
5 silly cache add args [ '.', null ]
6 verbose cache add spec .
7 silly cache add parsed spec Result {
7 silly cache add   raw: '.',
7 silly cache add   scope: null,
7 silly cache add   name: null,
7 silly cache add   rawSpec: '.',
7 silly cache add   spec: '/Users/johnwinsead/Documents/Projects/NPM Modules/MsgQueue-Client',
7 silly cache add   type: 'directory' }
8 verbose addLocalDirectory /Users/johnwinsead/.npm/msgqueue-client/0.1.0/package.tgz not in flight; packing
9 info lifecycle msgqueue-client@0.1.0~prepublish: msgqueue-client@0.1.0
10 silly lifecycle msgqueue-client@0.1.0~prepublish: no script for prepublish, continuing
11 verbose tar pack [ '/Users/johnwinsead/.npm/msgqueue-client/0.1.0/package.tgz',
11 verbose tar pack   '/Users/johnwinsead/Documents/Projects/NPM Modules/MsgQueue-Client' ]
12 verbose tarball /Users/johnwinsead/.npm/msgqueue-client/0.1.0/package.tgz
13 verbose folder /Users/johnwinsead/Documents/Projects/NPM Modules/MsgQueue-Client
14 verbose addLocalTarball adding from inside cache /Users/johnwinsead/.npm/msgqueue-client/0.1.0/package.tgz
15 silly cache afterAdd msgqueue-client@0.1.0
16 verbose afterAdd /Users/johnwinsead/.npm/msgqueue-client/0.1.0/package/package.json not in flight; writing
17 verbose afterAdd /Users/johnwinsead/.npm/msgqueue-client/0.1.0/package/package.json written
18 silly publish { name: 'msgqueue-client',
18 silly publish   version: '0.1.0',
18 silly publish   description: 'Client for MsgQueue-Server',
18 silly publish   main: 'index.js',
18 silly publish   directories: { test: 'test' },
18 silly publish   dependencies: { faucet: '0.0.1', pidgey: '^0.1.0', 'request-json': '^0.5.5' },
18 silly publish   devDependencies: { chai: '^3.5.0', mocha: '^2.4.5' },
18 silly publish   scripts: { test: 'make test' },
18 silly publish   repository:
18 silly publish    { type: 'git',
18 silly publish      url: 'git+https://github.com/awatemonosan/MsgQueue-Client.git' },
18 silly publish   keywords: [ 'message', 'queue' ],
18 silly publish   author:
18 silly publish    { name: 'John Winstead',
18 silly publish      email: 'awatemonosan@gmail.com',
18 silly publish      url: 'johnwinstead.ninja' },
18 silly publish   license: 'ISC',
18 silly publish   bugs: { url: 'https://github.com/awatemonosan/MsgQueue-Client/issues' },
18 silly publish   homepage: 'https://github.com/awatemonosan/MsgQueue-Client#readme',
18 silly publish   gitHead: '33ad6ff42196bd2a391fbb569a21e0423db87220',
18 silly publish   readme: 'ERROR: No README data found!',
18 silly publish   _id: 'msgqueue-client@0.1.0',
18 silly publish   _shasum: '3c3e203fd05e6feb56aa76e81b2f1df317e7f241',
18 silly publish   _from: '.' }
19 verbose getPublishConfig undefined
20 silly mapToRegistry name msgqueue-client
21 silly mapToRegistry using default registry
22 silly mapToRegistry registry https://registry.npmjs.org/
23 silly mapToRegistry uri https://registry.npmjs.org/msgqueue-client
24 verbose publish registryBase https://registry.npmjs.org/
25 silly publish uploading /Users/johnwinsead/.npm/msgqueue-client/0.1.0/package.tgz
26 verbose request uri https://registry.npmjs.org/msgqueue-client
27 verbose request sending authorization for write operation
28 info attempt registry request try #1 at 12:56:55 PM
29 verbose request using bearer token for auth
30 verbose request id 402aa988cf479874
31 http request PUT https://registry.npmjs.org/msgqueue-client
32 http 403 https://registry.npmjs.org/msgqueue-client
33 verbose headers { 'content-type': 'application/json',
33 verbose headers   'cache-control': 'max-age=300',
33 verbose headers   'content-length': '95',
33 verbose headers   'accept-ranges': 'bytes',
33 verbose headers   date: 'Fri, 12 Feb 2016 20:56:56 GMT',
33 verbose headers   via: '1.1 varnish',
33 verbose headers   connection: 'keep-alive',
33 verbose headers   'x-served-by': 'cache-sjc3128-SJC',
33 verbose headers   'x-cache': 'MISS',
33 verbose headers   'x-cache-hits': '0',
33 verbose headers   'x-timer': 'S1455310616.507935,VS0,VE160' }
34 verbose request invalidating /Users/johnwinsead/.npm/registry.npmjs.org/msgqueue-client on PUT
35 error publish Failed PUT 403
36 verbose stack Error: "You cannot publish over the previously published version 0.1.0." : msgqueue-client
36 verbose stack     at makeError (/usr/local/lib/node_modules/npm/node_modules/npm-registry-client/lib/request.js:264:12)
36 verbose stack     at CachingRegistryClient.<anonymous> (/usr/local/lib/node_modules/npm/node_modules/npm-registry-client/lib/request.js:252:14)
36 verbose stack     at Request._callback (/usr/local/lib/node_modules/npm/node_modules/npm-registry-client/lib/request.js:172:14)
36 verbose stack     at Request.self.callback (/usr/local/lib/node_modules/npm/node_modules/request/request.js:198:22)
36 verbose stack     at emitTwo (events.js:100:13)
36 verbose stack     at Request.emit (events.js:185:7)
36 verbose stack     at Request.<anonymous> (/usr/local/lib/node_modules/npm/node_modules/request/request.js:1082:10)
36 verbose stack     at emitOne (events.js:95:20)
36 verbose stack     at Request.emit (events.js:182:7)
36 verbose stack     at IncomingMessage.<anonymous> (/usr/local/lib/node_modules/npm/node_modules/request/request.js:1009:12)
37 verbose statusCode 403
38 verbose pkgid msgqueue-client
39 verbose cwd /Users/johnwinsead/Documents/Projects/NPM Modules/MsgQueue-Client
40 error Darwin 14.5.0
41 error argv "/usr/local/bin/node" "/usr/local/bin/npm" "publish"
42 error node v5.5.0
43 error npm  v3.3.12
44 error code E403
45 error "You cannot publish over the previously published version 0.1.0." : msgqueue-client
46 error If you need help, you may report this error at:
46 error     <https://github.com/npm/npm/issues>
47 verbose exit [ 1, true ]
